running egg_info
creating ../../build/pointcloud_publisher/pointcloud_publisher.egg-info
writing manifest file '../../build/pointcloud_publisher/pointcloud_publisher.egg-info/SOURCES.txt'
writing manifest file '../../build/pointcloud_publisher/pointcloud_publisher.egg-info/SOURCES.txt'
running build
running build_py
creating /home/ronak/ouster_perception_ws/build/pointcloud_publisher/build
creating /home/ronak/ouster_perception_ws/build/pointcloud_publisher/build/lib
creating /home/ronak/ouster_perception_ws/build/pointcloud_publisher/build/lib/pointcloud_publisher
copying pointcloud_publisher/__init__.py -> /home/ronak/ouster_perception_ws/build/pointcloud_publisher/build/lib/pointcloud_publisher
running install
running install_lib
creating /home/ronak/ouster_perception_ws/install/pointcloud_publisher/lib/python3.10/site-packages/pointcloud_publisher
copying /home/ronak/ouster_perception_ws/build/pointcloud_publisher/build/lib/pointcloud_publisher/__init__.py -> /home/ronak/ouster_perception_ws/install/pointcloud_publisher/lib/python3.10/site-packages/pointcloud_publisher
byte-compiling /home/ronak/ouster_perception_ws/install/pointcloud_publisher/lib/python3.10/site-packages/pointcloud_publisher/__init__.py to __init__.cpython-310.pyc
running install_data
creating /home/ronak/ouster_perception_ws/install/pointcloud_publisher/share/ament_index
creating /home/ronak/ouster_perception_ws/install/pointcloud_publisher/share/ament_index/resource_index
creating /home/ronak/ouster_perception_ws/install/pointcloud_publisher/share/ament_index/resource_index/packages
copying resource/pointcloud_publisher -> /home/ronak/ouster_perception_ws/install/pointcloud_publisher/share/ament_index/resource_index/packages
copying package.xml -> /home/ronak/ouster_perception_ws/install/pointcloud_publisher/share/pointcloud_publisher
running install_egg_info
Copying ../../build/pointcloud_publisher/pointcloud_publisher.egg-info to /home/ronak/ouster_perception_ws/install/pointcloud_publisher/lib/python3.10/site-packages/pointcloud_publisher-0.0.0-py3.10.egg-info
running install_scripts
writing list of installed files to '/home/ronak/ouster_perception_ws/build/pointcloud_publisher/install.log'
