[0.970s] Invoking command in '/home/ronak/ouster_perception_ws/src/pointcloud_publisher': PYTHONPATH=/home/ronak/ouster_perception_ws/build/pointcloud_publisher/prefix_override:/usr/lib/python3/dist-packages/colcon_core/task/python/colcon_distutils_commands:/home/ronak/ouster_perception_ws/install/pointcloud_publisher/lib/python3.10/site-packages:${PYTHONPATH} /usr/bin/python3 -W ignore:setup.py install is deprecated -W ignore:easy_install command is deprecated setup.py egg_info --egg-base ../../build/pointcloud_publisher build --build-base /home/ronak/ouster_perception_ws/build/pointcloud_publisher/build install --record /home/ronak/ouster_perception_ws/build/pointcloud_publisher/install.log --single-version-externally-managed install_data
[1.210s] running egg_info
[1.211s] creating ../../build/pointcloud_publisher/pointcloud_publisher.egg-info
[1.212s] writing manifest file '../../build/pointcloud_publisher/pointcloud_publisher.egg-info/SOURCES.txt'
[1.214s] writing manifest file '../../build/pointcloud_publisher/pointcloud_publisher.egg-info/SOURCES.txt'
[1.214s] running build
[1.214s] running build_py
[1.215s] creating /home/ronak/ouster_perception_ws/build/pointcloud_publisher/build
[1.215s] creating /home/ronak/ouster_perception_ws/build/pointcloud_publisher/build/lib
[1.215s] creating /home/ronak/ouster_perception_ws/build/pointcloud_publisher/build/lib/pointcloud_publisher
[1.215s] copying pointcloud_publisher/__init__.py -> /home/ronak/ouster_perception_ws/build/pointcloud_publisher/build/lib/pointcloud_publisher
[1.215s] running install
[1.218s] running install_lib
[1.218s] creating /home/ronak/ouster_perception_ws/install/pointcloud_publisher/lib/python3.10/site-packages/pointcloud_publisher
[1.219s] copying /home/ronak/ouster_perception_ws/build/pointcloud_publisher/build/lib/pointcloud_publisher/__init__.py -> /home/ronak/ouster_perception_ws/install/pointcloud_publisher/lib/python3.10/site-packages/pointcloud_publisher
[1.219s] byte-compiling /home/ronak/ouster_perception_ws/install/pointcloud_publisher/lib/python3.10/site-packages/pointcloud_publisher/__init__.py to __init__.cpython-310.pyc
[1.219s] running install_data
[1.219s] creating /home/ronak/ouster_perception_ws/install/pointcloud_publisher/share/ament_index
[1.220s] creating /home/ronak/ouster_perception_ws/install/pointcloud_publisher/share/ament_index/resource_index
[1.220s] creating /home/ronak/ouster_perception_ws/install/pointcloud_publisher/share/ament_index/resource_index/packages
[1.220s] copying resource/pointcloud_publisher -> /home/ronak/ouster_perception_ws/install/pointcloud_publisher/share/ament_index/resource_index/packages
[1.220s] copying package.xml -> /home/ronak/ouster_perception_ws/install/pointcloud_publisher/share/pointcloud_publisher
[1.220s] running install_egg_info
[1.222s] Copying ../../build/pointcloud_publisher/pointcloud_publisher.egg-info to /home/ronak/ouster_perception_ws/install/pointcloud_publisher/lib/python3.10/site-packages/pointcloud_publisher-0.0.0-py3.10.egg-info
[1.222s] running install_scripts
[1.238s] writing list of installed files to '/home/ronak/ouster_perception_ws/build/pointcloud_publisher/install.log'
[1.272s] Invoked command in '/home/ronak/ouster_perception_ws/src/pointcloud_publisher' returned '0': PYTHONPATH=/home/ronak/ouster_perception_ws/build/pointcloud_publisher/prefix_override:/usr/lib/python3/dist-packages/colcon_core/task/python/colcon_distutils_commands:/home/ronak/ouster_perception_ws/install/pointcloud_publisher/lib/python3.10/site-packages:${PYTHONPATH} /usr/bin/python3 -W ignore:setup.py install is deprecated -W ignore:easy_install command is deprecated setup.py egg_info --egg-base ../../build/pointcloud_publisher build --build-base /home/ronak/ouster_perception_ws/build/pointcloud_publisher/build install --record /home/ronak/ouster_perception_ws/build/pointcloud_publisher/install.log --single-version-externally-managed install_data
